<?xml version="1.0" encoding="UTF-8"?>
<!-- Generated by org.testng.reporters.JUnitReportReporter -->
<testsuite skipped="0" hostname="HOLOTEQ-L01065" name="testCases.LoadAndVerifyAllPages" tests="2" failures="0" timestamp="2021-11-15T08:24:22 AST" time="5.227" errors="0">
  <testcase name="management" time="3.690" classname="testCases.LoadAndVerifyAllPages"/>
  <system-out/>
  <testcase name="notifications" time="1.537" classname="testCases.LoadAndVerifyAllPages"/>
  <system-out/>
</testsuite> <!-- testCases.LoadAndVerifyAllPages -->
